<?xml version="1.0" encoding="UTF-8"?>
<!-- Generated by org.testng.reporters.JUnitReportReporter -->
<testsuite hostname="Anmols-Air.lan" failures="0" tests="1" name="com.mystore.testcases.TC_MyAccountPage" time="23.128" errors="0" timestamp="2022-07-24T23:39:17 IST" skipped="0">
  <testcase classname="com.mystore.testcases.TC_MyAccountPage" name="VerifyRegistrationAndLogin" time="23.128"/>
  <system-out/>
</testsuite> <!-- com.mystore.testcases.TC_MyAccountPage -->
